Using pre-set license
Built from '2021.3/staging' branch; Version is '2021.3.9f1 (ad3870b89536) revision 11352176'; Using compiler version '192829333'; Build Type 'Release'
OS: 'Windows 10  (10.0.19045) 64bit Core' Language: 'ru' Physical Memory: 7991 MB
BatchMode: 1, IsHumanControllingUs: 0, StartBugReporterOnCrash: 0, Is64bit: 1, IsPro: 1

COMMAND LINE ARGUMENTS:
C:\Program Files\Unity\Hub\Editor\2021.3.9f1\Editor\Unity.exe
-adb2
-batchMode
-noUpm
-name
AssetImportWorker0
-projectPath
C:/Users/georg/Desktop/TP_Project/TPProject
-logFile
Logs/AssetImportWorker0.log
-srvPort
51898
Successfully changed project path to: C:/Users/georg/Desktop/TP_Project/TPProject
C:/Users/georg/Desktop/TP_Project/TPProject
[UnityMemory] Configuration Parameters - Can be set up in boot.config
    "memorysetup-bucket-allocator-granularity=16"
    "memorysetup-bucket-allocator-bucket-count=8"
    "memorysetup-bucket-allocator-block-size=33554432"
    "memorysetup-bucket-allocator-block-count=8"
    "memorysetup-main-allocator-block-size=16777216"
    "memorysetup-thread-allocator-block-size=16777216"
    "memorysetup-gfx-main-allocator-block-size=16777216"
    "memorysetup-gfx-thread-allocator-block-size=16777216"
    "memorysetup-cache-allocator-block-size=4194304"
    "memorysetup-typetree-allocator-block-size=2097152"
    "memorysetup-profiler-bucket-allocator-granularity=16"
    "memorysetup-profiler-bucket-allocator-bucket-count=8"
    "memorysetup-profiler-bucket-allocator-block-size=33554432"
    "memorysetup-profiler-bucket-allocator-block-count=8"
    "memorysetup-profiler-allocator-block-size=16777216"
    "memorysetup-profiler-editor-allocator-block-size=1048576"
    "memorysetup-temp-allocator-size-main=16777216"
    "memorysetup-job-temp-allocator-block-size=2097152"
    "memorysetup-job-temp-allocator-block-size-background=1048576"
    "memorysetup-job-temp-allocator-reduction-small-platforms=262144"
    "memorysetup-temp-allocator-size-background-worker=32768"
    "memorysetup-temp-allocator-size-job-worker=262144"
    "memorysetup-temp-allocator-size-preload-manager=33554432"
    "memorysetup-temp-allocator-size-nav-mesh-worker=65536"
    "memorysetup-temp-allocator-size-audio-worker=65536"
    "memorysetup-temp-allocator-size-cloud-worker=32768"
    "memorysetup-temp-allocator-size-gi-baking-worker=262144"
    "memorysetup-temp-allocator-size-gfx=262144"
Refreshing native plugins compatible for Editor in 529.19 ms, found 3 plugins.
Preloading 0 native plugins for Editor in 0.00 ms.
Initialize engine version: 2021.3.9f1 (ad3870b89536)
[Subsystems] Discovering subsystems at path C:/Program Files/Unity/Hub/Editor/2021.3.9f1/Editor/Data/Resources/UnitySubsystems
[Subsystems] Discovering subsystems at path C:/Users/georg/Desktop/TP_Project/TPProject/Assets
GfxDevice: creating device client; threaded=0; jobified=0
Direct3D:
    Version:  Direct3D 11.0 [level 11.1]
    Renderer: Intel(R) UHD Graphics (ID=0x9a78)
    Vendor:   Intel
    VRAM:     3995 MB
    Driver:   30.0.101.1692
Initialize mono
Mono path[0] = 'C:/Program Files/Unity/Hub/Editor/2021.3.9f1/Editor/Data/Managed'
Mono path[1] = 'C:/Program Files/Unity/Hub/Editor/2021.3.9f1/Editor/Data/MonoBleedingEdge/lib/mono/unityjit-win32'
Mono config path = 'C:/Program Files/Unity/Hub/Editor/2021.3.9f1/Editor/Data/MonoBleedingEdge/etc'
Using monoOptions --debugger-agent=transport=dt_socket,embedding=1,server=y,suspend=n,address=127.0.0.1:56380
Begin MonoManager ReloadAssembly
Registering precompiled unity dll's ...
Register platform support module: C:/Program Files/Unity/Hub/Editor/2021.3.9f1/Editor/Data/PlaybackEngines/WindowsStandaloneSupport/UnityEditor.WindowsStandalone.Extensions.dll
Registered in 0.008551 seconds.
Native extension for WindowsStandalone target not found
Refreshing native plugins compatible for Editor in 161.46 ms, found 3 plugins.
Preloading 0 native plugins for Editor in 0.00 ms.
Mono: successfully reloaded assembly
- Completed reload, in  1.118 seconds
Domain Reload Profiling:
	ReloadAssembly (1119ms)
		BeginReloadAssembly (250ms)
			ExecutionOrderSort (0ms)
			DisableScriptedObjects (0ms)
			BackupInstance (0ms)
			ReleaseScriptingObjects (0ms)
			CreateAndSetChildDomain (2ms)
		EndReloadAssembly (698ms)
			LoadAssemblies (235ms)
			RebuildTransferFunctionScriptingTraits (1ms)
			SetupTypeCache (107ms)
			ReleaseScriptCaches (0ms)
			RebuildScriptCaches (49ms)
			SetupLoadedEditorAssemblies (476ms)
				LogAssemblyErrors (0ms)
				InitializePlatformSupportModulesInManaged (20ms)
				SetLoadedEditorAssemblies (1ms)
				RefreshPlugins (162ms)
				BeforeProcessingInitializeOnLoad (2ms)
				ProcessInitializeOnLoadAttributes (136ms)
				ProcessInitializeOnLoadMethodAttributes (157ms)
				AfterProcessingInitializeOnLoad (0ms)
				EditorAssembliesLoaded (0ms)
			ExecutionOrderSort2 (0ms)
			AwakeInstancesAfterBackupRestoration (0ms)
Platform modules already initialized, skipping
Registering precompiled user dll's ...
Registered in 0.020683 seconds.
Begin MonoManager ReloadAssembly
Symbol file LoadedFromMemory doesn't match image C:\Users\georg\Desktop\TP_Project\TPProject\Library\PackageCache\com.unity.visualscripting@1.7.8\Editor\VisualScripting.Core\Dependencies\YamlDotNet\Unity.VisualScripting.YamlDotNet.dll
Symbol file LoadedFromMemory doesn't match image C:\Users\georg\Desktop\TP_Project\TPProject\Library\PackageCache\com.unity.visualscripting@1.7.8\Editor\VisualScripting.Core\Dependencies\DotNetZip\Unity.VisualScripting.IonicZip.dll
Native extension for WindowsStandalone target not found
Refreshing native plugins compatible for Editor in 101.37 ms, found 3 plugins.
Preloading 0 native plugins for Editor in 0.00 ms.
Mono: successfully reloaded assembly
- Completed reload, in  2.277 seconds
Domain Reload Profiling:
	ReloadAssembly (2278ms)
		BeginReloadAssembly (303ms)
			ExecutionOrderSort (0ms)
			DisableScriptedObjects (26ms)
			BackupInstance (0ms)
			ReleaseScriptingObjects (0ms)
			CreateAndSetChildDomain (52ms)
		EndReloadAssembly (1699ms)
			LoadAssemblies (361ms)
			RebuildTransferFunctionScriptingTraits (0ms)
			SetupTypeCache (313ms)
			ReleaseScriptCaches (2ms)
			RebuildScriptCaches (60ms)
			SetupLoadedEditorAssemblies (968ms)
				LogAssemblyErrors (0ms)
				InitializePlatformSupportModulesInManaged (11ms)
				SetLoadedEditorAssemblies (1ms)
				RefreshPlugins (101ms)
				BeforeProcessingInitializeOnLoad (142ms)
				ProcessInitializeOnLoadAttributes (623ms)
				ProcessInitializeOnLoadMethodAttributes (56ms)
				AfterProcessingInitializeOnLoad (33ms)
				EditorAssembliesLoaded (0ms)
			ExecutionOrderSort2 (0ms)
			AwakeInstancesAfterBackupRestoration (16ms)
Platform modules already initialized, skipping
========================================================================
Worker process is ready to serve import requests
Launched and connected shader compiler UnityShaderCompiler.exe after 0.09 seconds
Refreshing native plugins compatible for Editor in 1.06 ms, found 3 plugins.
Preloading 0 native plugins for Editor in 0.00 ms.
Unloading 3619 Unused Serialized files (Serialized files now loaded: 0)
Unloading 47 unused Assets / (1.5 MB). Loaded Objects now: 4096.
Memory consumption went from 148.0 MB to 146.5 MB.
Total: 6.037200 ms (FindLiveObjects: 0.443300 ms CreateObjectMapping: 0.691600 ms MarkObjects: 4.334600 ms  DeleteObjects: 0.565700 ms)

AssetImportParameters requested are different than current active one (requested -> active):
  custom:video-decoder-ogg-theora: a1e56fd34408186e4bbccfd4996cb3dc -> 
  custom:container-muxer-webm: aa71ff27fc2769a1b78a27578f13a17b -> 
  custom:container-demuxer-webm: 4f35f7cbe854078d1ac9338744f61a02 -> 
  custom:video-encoder-webm-vp8: eb34c28f22e8b96e1ab97ce403110664 -> 
  custom:audio-encoder-webm-vorbis: bf7c407c2cedff20999df2af8eb42d56 -> 
  custom:framework-win-MediaFoundation: 216162199b28c13a410421893ffa2e32 -> 
  custom:container-demuxer-ogg: 62fdf1f143b41e24485cea50d1cbac27 -> 
  custom:video-decoder-webm-vp8: 9c59270c3fd7afecdb556c50c9e8de78 -> 
  custom:audio-decoder-ogg-vorbis: bf7c407c2cedff20999df2af8eb42d56 -> 
========================================================================
Received Import Request.
  Time since last request: 563.303955 seconds.
  path: Assets/Scene Objects/StyWithTelegraphPole/Materials/Textures/GroundForest003_COL_VAR1_1K.png
  artifactKey: Guid(dd04c5d396f5ad647a19173530fd53ca) Importer(815301076,1909f56bfc062723c751e8b465ee728b)
Start importing Assets/Scene Objects/StyWithTelegraphPole/Materials/Textures/GroundForest003_COL_VAR1_1K.png using Guid(dd04c5d396f5ad647a19173530fd53ca) Importer(815301076,1909f56bfc062723c751e8b465ee728b)  -> (artifact id: 'e88bfb27bc6c4b1ad1a05f805d8cd319') in 0.223688 seconds 
========================================================================
Received Import Request.
  Time since last request: 0.000041 seconds.
  path: Assets/Scene Objects/StyWithTelegraphPole/Materials/Textures/GroundForest003_NRM_1K.png
  artifactKey: Guid(fbd722b66444c074aaa22e6df3c5d6c5) Importer(815301076,1909f56bfc062723c751e8b465ee728b)
Start importing Assets/Scene Objects/StyWithTelegraphPole/Materials/Textures/GroundForest003_NRM_1K.png using Guid(fbd722b66444c074aaa22e6df3c5d6c5) Importer(815301076,1909f56bfc062723c751e8b465ee728b)  -> (artifact id: '6a65311e81129555af4ff699bbad9688') in 0.088583 seconds 
========================================================================
Received Import Request.
  Time since last request: 123.927322 seconds.
  path: Assets/Scene Objects/StyWithTelegraphPole/Materials/833059BadRust3D_COLOR.mat
  artifactKey: Guid(24b4368d8e953ed47a8d9742360daff5) Importer(815301076,1909f56bfc062723c751e8b465ee728b)
Start importing Assets/Scene Objects/StyWithTelegraphPole/Materials/833059BadRust3D_COLOR.mat using Guid(24b4368d8e953ed47a8d9742360daff5) Importer(815301076,1909f56bfc062723c751e8b465ee728b)  -> (artifact id: 'b61f781f0051118c77467e19938e74c4') in 0.929006 seconds 
========================================================================
Received Import Request.
  Time since last request: 0.000034 seconds.
  path: Assets/Scene Objects/StyWithTelegraphPole/Materials/PLATEOX2.mat
  artifactKey: Guid(8ac5e323446f07f40941cefa9c73ad8b) Importer(815301076,1909f56bfc062723c751e8b465ee728b)
Start importing Assets/Scene Objects/StyWithTelegraphPole/Materials/PLATEOX2.mat using Guid(8ac5e323446f07f40941cefa9c73ad8b) Importer(815301076,1909f56bfc062723c751e8b465ee728b)  -> (artifact id: '4fb54a97f86058df3efb1fc7e011a57f') in 0.033449 seconds 
========================================================================
Received Import Request.
  Time since last request: 0.000063 seconds.
  path: Assets/Scene Objects/StyWithTelegraphPole/Materials/MetalCorrodedHeavy001_GLOSS_2K_SPECULAR.mat
  artifactKey: Guid(b15f7ca05c4435645967e2b115e30e35) Importer(815301076,1909f56bfc062723c751e8b465ee728b)
Start importing Assets/Scene Objects/StyWithTelegraphPole/Materials/MetalCorrodedHeavy001_GLOSS_2K_SPECULAR.mat using Guid(b15f7ca05c4435645967e2b115e30e35) Importer(815301076,1909f56bfc062723c751e8b465ee728b)  -> (artifact id: 'a2c91f5ade9257dfbc61ac43dcedadb9') in 0.044473 seconds 
========================================================================
Received Import Request.
  Time since last request: 0.000051 seconds.
  path: Assets/Scene Objects/StyWithTelegraphPole/Materials/Brake01.mat
  artifactKey: Guid(6e1ee9963db872a41ada815da3de65ba) Importer(815301076,1909f56bfc062723c751e8b465ee728b)
Start importing Assets/Scene Objects/StyWithTelegraphPole/Materials/Brake01.mat using Guid(6e1ee9963db872a41ada815da3de65ba) Importer(815301076,1909f56bfc062723c751e8b465ee728b)  -> (artifact id: 'df26dc2e1023dbb2f4e3ccd0de3af687') in 0.039105 seconds 
========================================================================
Received Import Request.
  Time since last request: 0.000093 seconds.
  path: Assets/Scene Objects/StyWithTelegraphPole/Materials/leaf_young.mat
  artifactKey: Guid(b42577b0d11046043881ef50c18d5f2b) Importer(815301076,1909f56bfc062723c751e8b465ee728b)
Start importing Assets/Scene Objects/StyWithTelegraphPole/Materials/leaf_young.mat using Guid(b42577b0d11046043881ef50c18d5f2b) Importer(815301076,1909f56bfc062723c751e8b465ee728b)  -> (artifact id: '58ea53c467e2ee1115a266e4bde5edc1') in 0.031474 seconds 
========================================================================
Received Import Request.
  Time since last request: 0.000036 seconds.
  path: Assets/Scene Objects/StyWithTelegraphPole/Materials/ss.mat
  artifactKey: Guid(87e758418501ecf439e5218e54af8755) Importer(815301076,1909f56bfc062723c751e8b465ee728b)
Start importing Assets/Scene Objects/StyWithTelegraphPole/Materials/ss.mat using Guid(87e758418501ecf439e5218e54af8755) Importer(815301076,1909f56bfc062723c751e8b465ee728b)  -> (artifact id: '1f66f66b7a1f044a73f95bcb5bd00a71') in 0.028213 seconds 
========================================================================
Received Import Request.
  Time since last request: 0.000080 seconds.
  path: Assets/Scene Objects/StyWithTelegraphPole/Materials/efeu1_dead.mat
  artifactKey: Guid(cd6751bfb89cb4d4a98c007ed63ef8c8) Importer(815301076,1909f56bfc062723c751e8b465ee728b)
Start importing Assets/Scene Objects/StyWithTelegraphPole/Materials/efeu1_dead.mat using Guid(cd6751bfb89cb4d4a98c007ed63ef8c8) Importer(815301076,1909f56bfc062723c751e8b465ee728b)  -> (artifact id: '0fd17c1f6c269f7122a45f5d52c6109f') in 0.034737 seconds 
========================================================================
Received Import Request.
  Time since last request: 0.000515 seconds.
  path: Assets/Scene Objects/StyWithTelegraphPole/Materials/efeu1_dead_2.mat
  artifactKey: Guid(6e95ae7b7c5ba1e438b48f2b816146d5) Importer(815301076,1909f56bfc062723c751e8b465ee728b)
Start importing Assets/Scene Objects/StyWithTelegraphPole/Materials/efeu1_dead_2.mat using Guid(6e95ae7b7c5ba1e438b48f2b816146d5) Importer(815301076,1909f56bfc062723c751e8b465ee728b)  -> (artifact id: '650793ca70a8cb4c90b39b9b7387c810') in 0.044088 seconds 
========================================================================
Received Import Request.
  Time since last request: 0.000045 seconds.
  path: Assets/Scene Objects/StyWithTelegraphPole/Materials/GroundForest003_COL_VAR1_1K.mat
  artifactKey: Guid(d0cd0349502c28f4d9f0dabef128a9de) Importer(815301076,1909f56bfc062723c751e8b465ee728b)
Start importing Assets/Scene Objects/StyWithTelegraphPole/Materials/GroundForest003_COL_VAR1_1K.mat using Guid(d0cd0349502c28f4d9f0dabef128a9de) Importer(815301076,1909f56bfc062723c751e8b465ee728b)  -> (artifact id: 'f69a36c6b0769e9eb60101b5d81eec49') in 0.040018 seconds 
========================================================================
Received Import Request.
  Time since last request: 0.000073 seconds.
  path: Assets/Scene Objects/StyWithTelegraphPole/Materials/fs1010-sc.mat
  artifactKey: Guid(fb15c39c1cb815140a5cbd66f8947e8d) Importer(815301076,1909f56bfc062723c751e8b465ee728b)
Start importing Assets/Scene Objects/StyWithTelegraphPole/Materials/fs1010-sc.mat using Guid(fb15c39c1cb815140a5cbd66f8947e8d) Importer(815301076,1909f56bfc062723c751e8b465ee728b)  -> (artifact id: 'e2a801e64c1bff3fdd0bf198297bb603') in 0.026308 seconds 
========================================================================
Received Import Request.
  Time since last request: 0.000036 seconds.
  path: Assets/Scene Objects/StyWithTelegraphPole/Materials/ashpalt1.mat
  artifactKey: Guid(e6bf59acc4d114548a51c9e171fa79bd) Importer(815301076,1909f56bfc062723c751e8b465ee728b)
Start importing Assets/Scene Objects/StyWithTelegraphPole/Materials/ashpalt1.mat using Guid(e6bf59acc4d114548a51c9e171fa79bd) Importer(815301076,1909f56bfc062723c751e8b465ee728b)  -> (artifact id: 'ac22ea35219563c68a964f0f8e8d265d') in 0.027447 seconds 
========================================================================
Received Import Request.
  Time since last request: 0.000050 seconds.
  path: Assets/Scene Objects/StyWithTelegraphPole/Materials/brake02.mat
  artifactKey: Guid(efeb7c21cbbc3514ea3b770fd4550b36) Importer(815301076,1909f56bfc062723c751e8b465ee728b)
Start importing Assets/Scene Objects/StyWithTelegraphPole/Materials/brake02.mat using Guid(efeb7c21cbbc3514ea3b770fd4550b36) Importer(815301076,1909f56bfc062723c751e8b465ee728b)  -> (artifact id: 'd1d82a631b406fc978cead5afd327ea2') in 0.025959 seconds 
========================================================================
Received Import Request.
  Time since last request: 0.000046 seconds.
  path: Assets/Scene Objects/StyWithTelegraphPole/Materials/GroundForest003_COL_VAR1_1K 02.mat
  artifactKey: Guid(7836ff1be580e8144b4fc86424c6fb97) Importer(815301076,1909f56bfc062723c751e8b465ee728b)
Start importing Assets/Scene Objects/StyWithTelegraphPole/Materials/GroundForest003_COL_VAR1_1K 02.mat using Guid(7836ff1be580e8144b4fc86424c6fb97) Importer(815301076,1909f56bfc062723c751e8b465ee728b)  -> (artifact id: '59b2a30b78725b7d9ed3b921140c128a') in 0.042299 seconds 
========================================================================
Received Import Request.
  Time since last request: 0.001047 seconds.
  path: Assets/Scene Objects/StyWithTelegraphPole/Materials/branch.mat
  artifactKey: Guid(b26d210e01ef0e14cb88ccd6dbd1f311) Importer(815301076,1909f56bfc062723c751e8b465ee728b)
Start importing Assets/Scene Objects/StyWithTelegraphPole/Materials/branch.mat using Guid(b26d210e01ef0e14cb88ccd6dbd1f311) Importer(815301076,1909f56bfc062723c751e8b465ee728b)  -> (artifact id: 'b9b67c878620bb7685bdc3128051466d') in 0.047763 seconds 
========================================================================
Received Import Request.
  Time since last request: 0.000086 seconds.
  path: Assets/Scene Objects/StyWithTelegraphPole/Materials/EndOfLog.mat
  artifactKey: Guid(14feaf2b6654f4c439a7bd82e4f0472d) Importer(815301076,1909f56bfc062723c751e8b465ee728b)
Start importing Assets/Scene Objects/StyWithTelegraphPole/Materials/EndOfLog.mat using Guid(14feaf2b6654f4c439a7bd82e4f0472d) Importer(815301076,1909f56bfc062723c751e8b465ee728b)  -> (artifact id: '399e38a50dd2f5d3bdeee8ef868b8f76') in 0.044057 seconds 
========================================================================
Received Import Request.
  Time since last request: 0.000043 seconds.
  path: Assets/Scene Objects/StyWithTelegraphPole/Materials/fs1009-sc.mat
  artifactKey: Guid(1e07135d58f71624e889522ff25d295a) Importer(815301076,1909f56bfc062723c751e8b465ee728b)
Start importing Assets/Scene Objects/StyWithTelegraphPole/Materials/fs1009-sc.mat using Guid(1e07135d58f71624e889522ff25d295a) Importer(815301076,1909f56bfc062723c751e8b465ee728b)  -> (artifact id: 'fd5407ae3efb31e99773bae33199cefa') in 0.031830 seconds 
========================================================================
Received Import Request.
  Time since last request: 0.000035 seconds.
  path: Assets/Scene Objects/StyWithTelegraphPole/Materials/leaf_adult.mat
  artifactKey: Guid(6838682dddd0a1e4db5a25b52939e39d) Importer(815301076,1909f56bfc062723c751e8b465ee728b)
Start importing Assets/Scene Objects/StyWithTelegraphPole/Materials/leaf_adult.mat using Guid(6838682dddd0a1e4db5a25b52939e39d) Importer(815301076,1909f56bfc062723c751e8b465ee728b)  -> (artifact id: '8ceaf78926b133e2971295f3a8f68f3d') in 0.170990 seconds 
========================================================================
Received Import Request.
  Time since last request: 11.756959 seconds.
  path: Assets/Scene Objects/StyWithTelegraphPole/Prefab/StyAndTelegraphPole01.prefab
  artifactKey: Guid(16443254e905e3a43bcae668e346c76a) Importer(815301076,1909f56bfc062723c751e8b465ee728b)
Start importing Assets/Scene Objects/StyWithTelegraphPole/Prefab/StyAndTelegraphPole01.prefab using Guid(16443254e905e3a43bcae668e346c76a) Importer(815301076,1909f56bfc062723c751e8b465ee728b)  -> (artifact id: '678293a837a15fc05e4fe708ea91908c') in 0.222111 seconds 
